
UPGRADE TO 2.0.1
----------------------------------------------------------------------------
  * Number of script input files: 62
  * Number of HTML input files: 0
  * Update to version: 2.0.1
  * Searching for patch module...
  * Searching for info expression data...
    - Compiling expressions...
    - Number of infos: 0
  * Searching for patch expression data...
    - Compiling expressions...
    - Number of patches: 0

  FILE PROCESSING:
----------------------------------------------------------------------------
  * Processing script files:
  - File: /home/inocult/Projects/private/console/applications/desktop/source/class/ca/inocybe/ui/core/ICapability.js
  - File: /home/inocult/Projects/private/console/applications/desktop/source/class/ca/inocybe/services/ResourceService.js
  - File: /home/inocult/Projects/private/console/applications/desktop/source/class/ca/inocybe/boot/ProgressiveLoader.js
  - File: /home/inocult/Projects/private/console/applications/desktop/source/class/ca/inocybe/ui/sections/SearchSection.js
  - File: /home/inocult/Projects/private/console/applications/desktop/source/class/ca/inocybe/ui/views/ProjectView.js
  - File: /home/inocult/Projects/private/console/applications/desktop/source/class/ca/inocybe/table/ActionRenderer.js
  - File: /home/inocult/Projects/private/console/applications/desktop/source/class/ca/inocybe/ui/wizards/SubstrateWizard.js
  - File: /home/inocult/Projects/private/console/applications/desktop/source/class/ca/inocybe/ui/sections/InfrastructuresSection.js
  - File: /home/inocult/Projects/private/console/applications/desktop/source/class/ca/inocybe/ui/views/ResourceListView.js
  - File: /home/inocult/Projects/private/console/applications/desktop/source/class/ca/inocybe/ui/views/ResourceView.js
  - File: /home/inocult/Projects/private/console/applications/desktop/source/class/ca/inocybe/ui/views/VirtualMachineView.js
  - File: /home/inocult/Projects/private/console/applications/desktop/source/class/ca/inocybe/ui/sections/SecuritySection.js
  - File: /home/inocult/Projects/private/console/applications/desktop/source/class/ca/inocybe/ui/core/Workbench.js
  - File: /home/inocult/Projects/private/console/applications/desktop/source/class/ca/inocybe/services/LibraryService.js
  - File: /home/inocult/Projects/private/console/applications/desktop/source/class/ca/inocybe/ui/views/LibraryExplorerView.js
  - File: /home/inocult/Projects/private/console/applications/desktop/source/class/ca/inocybe/ui/navigation/SectionPanel.js
  - File: /home/inocult/Projects/private/console/applications/desktop/source/class/ca/inocybe/test/DemoTest.js
  - File: /home/inocult/Projects/private/console/applications/desktop/source/class/ca/inocybe/theme/Font.js
  - File: /home/inocult/Projects/private/console/applications/desktop/source/class/ca/inocybe/ui/views/ResourceOverviewView.js
  - File: /home/inocult/Projects/private/console/applications/desktop/source/class/ca/inocybe/ui/core/MNavigationPart.js
  - File: /home/inocult/Projects/private/console/applications/desktop/source/class/ca/inocybe/ui/core/PerspectiveSelector.js
  - File: /home/inocult/Projects/private/console/applications/desktop/source/class/ca/inocybe/ui/sections/LibrarySection.js
  - File: /home/inocult/Projects/private/console/applications/desktop/source/class/ca/inocybe/ui/navigation/ISection.js
  - File: /home/inocult/Projects/private/console/applications/desktop/source/class/ca/inocybe/ui/views/InfrastructureExplorerView.js
  - File: /home/inocult/Projects/private/console/applications/desktop/source/class/ca/inocybe/services/NetworkService.js
  - File: /home/inocult/Projects/private/console/applications/desktop/source/class/ca/inocybe/ui/navigation/Navigator.js
  - File: /home/inocult/Projects/private/console/applications/desktop/source/class/ca/inocybe/table/ResourceTableModel.js
  - File: /home/inocult/Projects/private/console/applications/desktop/source/class/ca/inocybe/ui/core/TopBar.js
  - File: /home/inocult/Projects/private/console/applications/desktop/source/class/ca/inocybe/services/LoginService.js
  - File: /home/inocult/Projects/private/console/applications/desktop/source/class/ca/inocybe/ui/core/IWorkbenchPart.js
  - File: /home/inocult/Projects/private/console/applications/desktop/source/class/ca/inocybe/services/CloudService.js
  - File: /home/inocult/Projects/private/console/applications/desktop/source/class/ca/inocybe/ui/perspectives/DomainPerspective.js
  - File: /home/inocult/Projects/private/console/applications/desktop/source/class/ca/inocybe/ui/perspectives/OperatorPerspective.js
  - File: /home/inocult/Projects/private/console/applications/desktop/source/class/ca/inocybe/ui/dialogs/LoginDialog.js
  - File: /home/inocult/Projects/private/console/applications/desktop/source/class/ca/inocybe/theme/Theme.js
  - File: /home/inocult/Projects/private/console/applications/desktop/source/class/ca/inocybe/ui/sections/ReportsSection.js
  - File: /home/inocult/Projects/private/console/applications/desktop/source/class/ca/inocybe/ui/sections/AdminSection.js
  - File: /home/inocult/Projects/private/console/applications/desktop/source/class/ca/inocybe/ui/core/AccountMenu.js
  - File: /home/inocult/Projects/private/console/applications/desktop/source/class/ca/inocybe/theme/Appearance.js
  - File: /home/inocult/Projects/private/console/applications/desktop/source/class/ca/inocybe/ui/core/IPerspective.js
  - File: /home/inocult/Projects/private/console/applications/desktop/source/class/ca/inocybe/ui/core/IViewPart.js
  - File: /home/inocult/Projects/private/console/applications/desktop/source/class/ca/inocybe/boot/Application.js
  - File: /home/inocult/Projects/private/console/applications/desktop/source/class/ca/inocybe/ui/core/IEditorPart.js
  - File: /home/inocult/Projects/private/console/applications/desktop/source/class/ca/inocybe/ui/sections/BlueprintSection.js
  - File: /home/inocult/Projects/private/console/applications/desktop/source/class/ca/inocybe/ui/core/INavigationPart.js
  - File: /home/inocult/Projects/private/console/applications/desktop/source/class/ca/inocybe/ui/core/PerspectiveSelectorButton.js
  - File: /home/inocult/Projects/private/console/applications/desktop/source/class/ca/inocybe/theme/Decoration.js
  - File: /home/inocult/Projects/private/console/applications/desktop/source/class/ca/inocybe/theme/Color.js
  - File: /home/inocult/Projects/private/console/applications/desktop/source/class/ca/inocybe/ui/sections/SubstrateSection.js
  - File: /home/inocult/Projects/private/console/applications/desktop/source/class/ca/inocybe/table/CapabilitiesRenderer.js
  - File: /home/inocult/Projects/private/console/applications/desktop/source/class/ca/inocybe/ui/wizards/ResourceWizard.js
  - File: /home/inocult/Projects/private/console/applications/desktop/source/class/ca/inocybe/core/Plugin.js
  - File: /home/inocult/Projects/private/console/applications/desktop/source/class/ca/inocybe/model/ResourceMetadata.js
  - File: /home/inocult/Projects/private/console/applications/desktop/source/class/ca/inocybe/ui/sections/OrgSection.js
  - File: /home/inocult/Projects/private/console/applications/desktop/source/class/ca/inocybe/ui/views/TopologyView.js
  - File: /home/inocult/Projects/private/console/applications/desktop/source/class/ca/inocybe/ui/sections/EventsSection.js
  - File: /home/inocult/Projects/private/console/applications/desktop/source/class/ca/inocybe/ui/sections/AlarmsSection.js
  - File: /home/inocult/Projects/private/console/applications/desktop/source/class/ca/inocybe/simulation/DemoSimulation.js
  - File: /home/inocult/Projects/private/console/applications/desktop/source/class/ca/inocybe/ui/core/WorkArea.js
  - File: /home/inocult/Projects/private/console/applications/desktop/source/class/ca/inocybe/ui/perspectives/MarketplacePerspective.js
  - File: /home/inocult/Projects/private/console/applications/desktop/source/class/ca/inocybe/ui/views/WelcomeView.js
  - File: /home/inocult/Projects/private/console/applications/desktop/source/class/ca/inocybe/ui/sections/BrowseSection.js
  * Done

UPGRADE TO 2.0.2
----------------------------------------------------------------------------
  * Number of script input files: 62
  * Number of HTML input files: 0
  * Update to version: 2.0.2
  * Searching for patch module...
  * Searching for info expression data...
    - Compiling expressions...
    - Number of infos: 0
  * Searching for patch expression data...
    - Compiling expressions...
    - Number of patches: 0

  FILE PROCESSING:
----------------------------------------------------------------------------
  * Processing script files:
  - File: /home/inocult/Projects/private/console/applications/desktop/source/class/ca/inocybe/ui/core/ICapability.js
  - File: /home/inocult/Projects/private/console/applications/desktop/source/class/ca/inocybe/services/ResourceService.js
  - File: /home/inocult/Projects/private/console/applications/desktop/source/class/ca/inocybe/boot/ProgressiveLoader.js
  - File: /home/inocult/Projects/private/console/applications/desktop/source/class/ca/inocybe/ui/sections/SearchSection.js
  - File: /home/inocult/Projects/private/console/applications/desktop/source/class/ca/inocybe/ui/views/ProjectView.js
  - File: /home/inocult/Projects/private/console/applications/desktop/source/class/ca/inocybe/table/ActionRenderer.js
  - File: /home/inocult/Projects/private/console/applications/desktop/source/class/ca/inocybe/ui/wizards/SubstrateWizard.js
  - File: /home/inocult/Projects/private/console/applications/desktop/source/class/ca/inocybe/ui/sections/InfrastructuresSection.js
  - File: /home/inocult/Projects/private/console/applications/desktop/source/class/ca/inocybe/ui/views/ResourceListView.js
  - File: /home/inocult/Projects/private/console/applications/desktop/source/class/ca/inocybe/ui/views/ResourceView.js
  - File: /home/inocult/Projects/private/console/applications/desktop/source/class/ca/inocybe/ui/views/VirtualMachineView.js
  - File: /home/inocult/Projects/private/console/applications/desktop/source/class/ca/inocybe/ui/sections/SecuritySection.js
  - File: /home/inocult/Projects/private/console/applications/desktop/source/class/ca/inocybe/ui/core/Workbench.js
  - File: /home/inocult/Projects/private/console/applications/desktop/source/class/ca/inocybe/services/LibraryService.js
  - File: /home/inocult/Projects/private/console/applications/desktop/source/class/ca/inocybe/ui/views/LibraryExplorerView.js
  - File: /home/inocult/Projects/private/console/applications/desktop/source/class/ca/inocybe/ui/navigation/SectionPanel.js
  - File: /home/inocult/Projects/private/console/applications/desktop/source/class/ca/inocybe/test/DemoTest.js
  - File: /home/inocult/Projects/private/console/applications/desktop/source/class/ca/inocybe/theme/Font.js
  - File: /home/inocult/Projects/private/console/applications/desktop/source/class/ca/inocybe/ui/views/ResourceOverviewView.js
  - File: /home/inocult/Projects/private/console/applications/desktop/source/class/ca/inocybe/ui/core/MNavigationPart.js
  - File: /home/inocult/Projects/private/console/applications/desktop/source/class/ca/inocybe/ui/core/PerspectiveSelector.js
  - File: /home/inocult/Projects/private/console/applications/desktop/source/class/ca/inocybe/ui/sections/LibrarySection.js
  - File: /home/inocult/Projects/private/console/applications/desktop/source/class/ca/inocybe/ui/navigation/ISection.js
  - File: /home/inocult/Projects/private/console/applications/desktop/source/class/ca/inocybe/ui/views/InfrastructureExplorerView.js
  - File: /home/inocult/Projects/private/console/applications/desktop/source/class/ca/inocybe/services/NetworkService.js
  - File: /home/inocult/Projects/private/console/applications/desktop/source/class/ca/inocybe/ui/navigation/Navigator.js
  - File: /home/inocult/Projects/private/console/applications/desktop/source/class/ca/inocybe/table/ResourceTableModel.js
  - File: /home/inocult/Projects/private/console/applications/desktop/source/class/ca/inocybe/ui/core/TopBar.js
  - File: /home/inocult/Projects/private/console/applications/desktop/source/class/ca/inocybe/services/LoginService.js
  - File: /home/inocult/Projects/private/console/applications/desktop/source/class/ca/inocybe/ui/core/IWorkbenchPart.js
  - File: /home/inocult/Projects/private/console/applications/desktop/source/class/ca/inocybe/services/CloudService.js
  - File: /home/inocult/Projects/private/console/applications/desktop/source/class/ca/inocybe/ui/perspectives/DomainPerspective.js
  - File: /home/inocult/Projects/private/console/applications/desktop/source/class/ca/inocybe/ui/perspectives/OperatorPerspective.js
  - File: /home/inocult/Projects/private/console/applications/desktop/source/class/ca/inocybe/ui/dialogs/LoginDialog.js
  - File: /home/inocult/Projects/private/console/applications/desktop/source/class/ca/inocybe/theme/Theme.js
  - File: /home/inocult/Projects/private/console/applications/desktop/source/class/ca/inocybe/ui/sections/ReportsSection.js
  - File: /home/inocult/Projects/private/console/applications/desktop/source/class/ca/inocybe/ui/sections/AdminSection.js
  - File: /home/inocult/Projects/private/console/applications/desktop/source/class/ca/inocybe/ui/core/AccountMenu.js
  - File: /home/inocult/Projects/private/console/applications/desktop/source/class/ca/inocybe/theme/Appearance.js
  - File: /home/inocult/Projects/private/console/applications/desktop/source/class/ca/inocybe/ui/core/IPerspective.js
  - File: /home/inocult/Projects/private/console/applications/desktop/source/class/ca/inocybe/ui/core/IViewPart.js
  - File: /home/inocult/Projects/private/console/applications/desktop/source/class/ca/inocybe/boot/Application.js
  - File: /home/inocult/Projects/private/console/applications/desktop/source/class/ca/inocybe/ui/core/IEditorPart.js
  - File: /home/inocult/Projects/private/console/applications/desktop/source/class/ca/inocybe/ui/sections/BlueprintSection.js
  - File: /home/inocult/Projects/private/console/applications/desktop/source/class/ca/inocybe/ui/core/INavigationPart.js
  - File: /home/inocult/Projects/private/console/applications/desktop/source/class/ca/inocybe/ui/core/PerspectiveSelectorButton.js
  - File: /home/inocult/Projects/private/console/applications/desktop/source/class/ca/inocybe/theme/Decoration.js
  - File: /home/inocult/Projects/private/console/applications/desktop/source/class/ca/inocybe/theme/Color.js
  - File: /home/inocult/Projects/private/console/applications/desktop/source/class/ca/inocybe/ui/sections/SubstrateSection.js
  - File: /home/inocult/Projects/private/console/applications/desktop/source/class/ca/inocybe/table/CapabilitiesRenderer.js
  - File: /home/inocult/Projects/private/console/applications/desktop/source/class/ca/inocybe/ui/wizards/ResourceWizard.js
  - File: /home/inocult/Projects/private/console/applications/desktop/source/class/ca/inocybe/core/Plugin.js
  - File: /home/inocult/Projects/private/console/applications/desktop/source/class/ca/inocybe/model/ResourceMetadata.js
  - File: /home/inocult/Projects/private/console/applications/desktop/source/class/ca/inocybe/ui/sections/OrgSection.js
  - File: /home/inocult/Projects/private/console/applications/desktop/source/class/ca/inocybe/ui/views/TopologyView.js
  - File: /home/inocult/Projects/private/console/applications/desktop/source/class/ca/inocybe/ui/sections/EventsSection.js
  - File: /home/inocult/Projects/private/console/applications/desktop/source/class/ca/inocybe/ui/sections/AlarmsSection.js
  - File: /home/inocult/Projects/private/console/applications/desktop/source/class/ca/inocybe/simulation/DemoSimulation.js
  - File: /home/inocult/Projects/private/console/applications/desktop/source/class/ca/inocybe/ui/core/WorkArea.js
  - File: /home/inocult/Projects/private/console/applications/desktop/source/class/ca/inocybe/ui/perspectives/MarketplacePerspective.js
  - File: /home/inocult/Projects/private/console/applications/desktop/source/class/ca/inocybe/ui/views/WelcomeView.js
  - File: /home/inocult/Projects/private/console/applications/desktop/source/class/ca/inocybe/ui/sections/BrowseSection.js
  * Done

UPGRADE TO 2.1
----------------------------------------------------------------------------
  * Number of script input files: 62
  * Number of HTML input files: 0
  * Update to version: 2.1
  * Searching for patch module...
  * Searching for info expression data...
    - /home/inocult/Projects/private/console/libraries/qooxdoo/tool/data/migration/2.1/info/01-main.dat
    - Compiling expressions...
      - 01-main.dat
    - Number of infos: 8
  * Searching for patch expression data...
    - /home/inocult/Projects/private/console/libraries/qooxdoo/tool/data/migration/2.1/patches/01-main.dat
    - Compiling expressions...
      - 01-main.dat
    - Number of patches: 34

  FILE PROCESSING:
----------------------------------------------------------------------------
  * Processing script files:
  - File: /home/inocult/Projects/private/console/applications/desktop/source/class/ca/inocybe/ui/core/ICapability.js
  - File: /home/inocult/Projects/private/console/applications/desktop/source/class/ca/inocybe/services/ResourceService.js
  - File: /home/inocult/Projects/private/console/applications/desktop/source/class/ca/inocybe/boot/ProgressiveLoader.js
  - File: /home/inocult/Projects/private/console/applications/desktop/source/class/ca/inocybe/ui/sections/SearchSection.js
  - File: /home/inocult/Projects/private/console/applications/desktop/source/class/ca/inocybe/ui/views/ProjectView.js
  - File: /home/inocult/Projects/private/console/applications/desktop/source/class/ca/inocybe/table/ActionRenderer.js
  - File: /home/inocult/Projects/private/console/applications/desktop/source/class/ca/inocybe/ui/wizards/SubstrateWizard.js
  - File: /home/inocult/Projects/private/console/applications/desktop/source/class/ca/inocybe/ui/sections/InfrastructuresSection.js
  - File: /home/inocult/Projects/private/console/applications/desktop/source/class/ca/inocybe/ui/views/ResourceListView.js
  - File: /home/inocult/Projects/private/console/applications/desktop/source/class/ca/inocybe/ui/views/ResourceView.js
  - File: /home/inocult/Projects/private/console/applications/desktop/source/class/ca/inocybe/ui/views/VirtualMachineView.js
  - File: /home/inocult/Projects/private/console/applications/desktop/source/class/ca/inocybe/ui/sections/SecuritySection.js
  - File: /home/inocult/Projects/private/console/applications/desktop/source/class/ca/inocybe/ui/core/Workbench.js
  - File: /home/inocult/Projects/private/console/applications/desktop/source/class/ca/inocybe/services/LibraryService.js
  - File: /home/inocult/Projects/private/console/applications/desktop/source/class/ca/inocybe/ui/views/LibraryExplorerView.js
  - File: /home/inocult/Projects/private/console/applications/desktop/source/class/ca/inocybe/ui/navigation/SectionPanel.js
  - File: /home/inocult/Projects/private/console/applications/desktop/source/class/ca/inocybe/test/DemoTest.js
  - File: /home/inocult/Projects/private/console/applications/desktop/source/class/ca/inocybe/theme/Font.js
  - File: /home/inocult/Projects/private/console/applications/desktop/source/class/ca/inocybe/ui/views/ResourceOverviewView.js
  - File: /home/inocult/Projects/private/console/applications/desktop/source/class/ca/inocybe/ui/core/MNavigationPart.js
  - File: /home/inocult/Projects/private/console/applications/desktop/source/class/ca/inocybe/ui/core/PerspectiveSelector.js
  - File: /home/inocult/Projects/private/console/applications/desktop/source/class/ca/inocybe/ui/sections/LibrarySection.js
  - File: /home/inocult/Projects/private/console/applications/desktop/source/class/ca/inocybe/ui/navigation/ISection.js
  - File: /home/inocult/Projects/private/console/applications/desktop/source/class/ca/inocybe/ui/views/InfrastructureExplorerView.js
  - File: /home/inocult/Projects/private/console/applications/desktop/source/class/ca/inocybe/services/NetworkService.js
  - File: /home/inocult/Projects/private/console/applications/desktop/source/class/ca/inocybe/ui/navigation/Navigator.js
  - File: /home/inocult/Projects/private/console/applications/desktop/source/class/ca/inocybe/table/ResourceTableModel.js
  - File: /home/inocult/Projects/private/console/applications/desktop/source/class/ca/inocybe/ui/core/TopBar.js
  - File: /home/inocult/Projects/private/console/applications/desktop/source/class/ca/inocybe/services/LoginService.js
  - File: /home/inocult/Projects/private/console/applications/desktop/source/class/ca/inocybe/ui/core/IWorkbenchPart.js
  - File: /home/inocult/Projects/private/console/applications/desktop/source/class/ca/inocybe/services/CloudService.js
  - File: /home/inocult/Projects/private/console/applications/desktop/source/class/ca/inocybe/ui/perspectives/DomainPerspective.js
  - File: /home/inocult/Projects/private/console/applications/desktop/source/class/ca/inocybe/ui/perspectives/OperatorPerspective.js
  - File: /home/inocult/Projects/private/console/applications/desktop/source/class/ca/inocybe/ui/dialogs/LoginDialog.js
  - File: /home/inocult/Projects/private/console/applications/desktop/source/class/ca/inocybe/theme/Theme.js
  - File: /home/inocult/Projects/private/console/applications/desktop/source/class/ca/inocybe/ui/sections/ReportsSection.js
  - File: /home/inocult/Projects/private/console/applications/desktop/source/class/ca/inocybe/ui/sections/AdminSection.js
  - File: /home/inocult/Projects/private/console/applications/desktop/source/class/ca/inocybe/ui/core/AccountMenu.js
  - File: /home/inocult/Projects/private/console/applications/desktop/source/class/ca/inocybe/theme/Appearance.js
  - File: /home/inocult/Projects/private/console/applications/desktop/source/class/ca/inocybe/ui/core/IPerspective.js
  - File: /home/inocult/Projects/private/console/applications/desktop/source/class/ca/inocybe/ui/core/IViewPart.js
  - File: /home/inocult/Projects/private/console/applications/desktop/source/class/ca/inocybe/boot/Application.js
  - File: /home/inocult/Projects/private/console/applications/desktop/source/class/ca/inocybe/ui/core/IEditorPart.js
  - File: /home/inocult/Projects/private/console/applications/desktop/source/class/ca/inocybe/ui/sections/BlueprintSection.js
  - File: /home/inocult/Projects/private/console/applications/desktop/source/class/ca/inocybe/ui/core/INavigationPart.js
  - File: /home/inocult/Projects/private/console/applications/desktop/source/class/ca/inocybe/ui/core/PerspectiveSelectorButton.js
  - File: /home/inocult/Projects/private/console/applications/desktop/source/class/ca/inocybe/theme/Decoration.js
  - File: /home/inocult/Projects/private/console/applications/desktop/source/class/ca/inocybe/theme/Color.js
  - File: /home/inocult/Projects/private/console/applications/desktop/source/class/ca/inocybe/ui/sections/SubstrateSection.js
  - File: /home/inocult/Projects/private/console/applications/desktop/source/class/ca/inocybe/table/CapabilitiesRenderer.js
  - File: /home/inocult/Projects/private/console/applications/desktop/source/class/ca/inocybe/ui/wizards/ResourceWizard.js
  - File: /home/inocult/Projects/private/console/applications/desktop/source/class/ca/inocybe/core/Plugin.js
  - File: /home/inocult/Projects/private/console/applications/desktop/source/class/ca/inocybe/model/ResourceMetadata.js
  - File: /home/inocult/Projects/private/console/applications/desktop/source/class/ca/inocybe/ui/sections/OrgSection.js
  - File: /home/inocult/Projects/private/console/applications/desktop/source/class/ca/inocybe/ui/views/TopologyView.js
  - File: /home/inocult/Projects/private/console/applications/desktop/source/class/ca/inocybe/ui/sections/EventsSection.js
  - File: /home/inocult/Projects/private/console/applications/desktop/source/class/ca/inocybe/ui/sections/AlarmsSection.js
  - File: /home/inocult/Projects/private/console/applications/desktop/source/class/ca/inocybe/simulation/DemoSimulation.js
  - File: /home/inocult/Projects/private/console/applications/desktop/source/class/ca/inocybe/ui/core/WorkArea.js
  - File: /home/inocult/Projects/private/console/applications/desktop/source/class/ca/inocybe/ui/perspectives/MarketplacePerspective.js
  - File: /home/inocult/Projects/private/console/applications/desktop/source/class/ca/inocybe/ui/views/WelcomeView.js
  - File: /home/inocult/Projects/private/console/applications/desktop/source/class/ca/inocybe/ui/sections/BrowseSection.js
  * Done
